[2023-12-01T00:43:33+08:00][error] [10501]could not find driver
[2023-12-01T00:43:33+08:00][error] could not find driver
[2023-12-01T00:43:33+08:00][error] #0 D:\jjjfood-master\jjjfood-master\jjj_food_chain\vendor\topthink\think-orm\src\db\connector\Mysql.php(68): think\db\PDOConnection->getPDOStatement('SHOW FULL COLUM...')
#1 D:\jjjfood-master\jjjfood-master\jjj_food_chain\vendor\topthink\think-orm\src\db\PDOConnection.php(438): think\db\connector\Mysql->getFields('`jjjfood_app`')
#2 D:\jjjfood-master\jjjfood-master\jjj_food_chain\vendor\topthink\think-orm\src\db\PDOConnection.php(376): think\db\PDOConnection->getTableFieldsInfo('jjjfood_app')
#3 D:\jjjfood-master\jjjfood-master\jjj_food_chain\vendor\topthink\think-orm\src\db\PDOConnection.php(424): think\db\PDOConnection->getSchemaInfo('jjjfood_app')
#4 D:\jjjfood-master\jjjfood-master\jjj_food_chain\vendor\topthink\think-orm\src\db\PDOConnection.php(513): think\db\PDOConnection->getTableInfo('jjjfood_app', 'type')
#5 D:\jjjfood-master\jjjfood-master\jjj_food_chain\vendor\topthink\think-orm\src\db\concern\TableFieldInfo.php(60): think\db\PDOConnection->getFieldsType('jjjfood_app')
#6 D:\jjjfood-master\jjjfood-master\jjj_food_chain\vendor\topthink\think-orm\src\db\concern\TableFieldInfo.php(72): think\db\Query->getFieldsType()
#7 [internal function]: think\db\Query->getFieldType('create_time')
#8 D:\jjjfood-master\jjjfood-master\jjj_food_chain\vendor\topthink\think-orm\src\Model.php(1077): call_user_func_array(Array, Array)
#9 D:\jjjfood-master\jjjfood-master\jjj_food_chain\vendor\topthink\think-orm\src\model\concern\TimeStamp.php(82): think\Model->__call('getFieldType', Array)
#10 D:\jjjfood-master\jjjfood-master\jjj_food_chain\vendor\topthink\think-orm\src\model\concern\TimeStamp.php(62): think\Model->checkTimeFieldType(true)
#11 D:\jjjfood-master\jjjfood-master\jjj_food_chain\vendor\topthink\framework\src\think\service\ModelService.php(35): think\Model->isAutoWriteTimestamp(true)
#12 [internal function]: think\service\ModelService->think\service\{closure}(Object(app\api\model\App))
#13 D:\jjjfood-master\jjjfood-master\jjj_food_chain\vendor\topthink\think-orm\src\Model.php(252): call_user_func(Object(Closure), Object(app\api\model\App))
#14 D:\jjjfood-master\jjjfood-master\jjj_food_chain\app\common\model\app\App.php(45): think\Model->__construct()
#15 D:\jjjfood-master\jjjfood-master\jjj_food_chain\app\api\controller\Controller.php(49): app\common\model\app\App::detail('10001')
#16 D:\jjjfood-master\jjjfood-master\jjj_food_chain\app\api\controller\Controller.php(30): app\api\controller\Controller->checkWxapp()
#17 D:\jjjfood-master\jjjfood-master\jjj_food_chain\app\BaseController.php(43): app\api\controller\Controller->initialize()
#18 [internal function]: app\BaseController->__construct(Object(think\App))
#19 D:\jjjfood-master\jjjfood-master\jjj_food_chain\vendor\topthink\framework\src\think\Container.php(396): ReflectionClass->newInstanceArgs(Array)
#20 D:\jjjfood-master\jjjfood-master\jjj_food_chain\vendor\topthink\framework\src\think\Container.php(253): think\Container->invokeClass('app\\api\\control...', Array)
#21 D:\jjjfood-master\jjjfood-master\jjj_food_chain\vendor\topthink\framework\src\think\route\dispatch\Controller.php(187): think\Container->make('app\\api\\control...', Array, true)
#22 D:\jjjfood-master\jjjfood-master\jjj_food_chain\vendor\topthink\framework\src\think\route\dispatch\Controller.php(74): think\route\dispatch\Controller->controller('Index')
#23 D:\jjjfood-master\jjjfood-master\jjj_food_chain\vendor\topthink\framework\src\think\route\Dispatch.php(52): think\route\dispatch\Controller->exec()
#24 D:\jjjfood-master\jjjfood-master\jjj_food_chain\vendor\topthink\framework\src\think\Route.php(755): think\route\Dispatch->run()
#25 D:\jjjfood-master\jjjfood-master\jjj_food_chain\vendor\topthink\framework\src\think\Pipeline.php(59): think\Route->think\{closure}(Object(app\Request))
#26 D:\jjjfood-master\jjjfood-master\jjj_food_chain\vendor\topthink\framework\src\think\Pipeline.php(66): think\Pipeline->think\{closure}(Object(app\Request))
#27 D:\jjjfood-master\jjjfood-master\jjj_food_chain\vendor\topthink\framework\src\think\Route.php(754): think\Pipeline->then(Object(Closure))
#28 D:\jjjfood-master\jjjfood-master\jjj_food_chain\vendor\topthink\framework\src\think\Http.php(208): think\Route->dispatch(Object(app\Request), Object(Closure))
#29 D:\jjjfood-master\jjjfood-master\jjj_food_chain\vendor\topthink\framework\src\think\Http.php(198): think\Http->dispatchToRoute(Object(app\Request))
#30 D:\jjjfood-master\jjjfood-master\jjj_food_chain\vendor\topthink\framework\src\think\Pipeline.php(59): think\Http->think\{closure}(Object(app\Request))
#31 D:\jjjfood-master\jjjfood-master\jjj_food_chain\vendor\topthink\think-multi-app\src\MultiApp.php(51): think\Pipeline->think\{closure}(Object(app\Request))
#32 D:\jjjfood-master\jjjfood-master\jjj_food_chain\vendor\topthink\framework\src\think\Pipeline.php(59): think\app\MultiApp->think\app\{closure}(Object(app\Request))
#33 D:\jjjfood-master\jjjfood-master\jjj_food_chain\vendor\topthink\framework\src\think\Pipeline.php(66): think\Pipeline->think\{closure}(Object(app\Request))
#34 D:\jjjfood-master\jjjfood-master\jjj_food_chain\vendor\topthink\think-multi-app\src\MultiApp.php(50): think\Pipeline->then(Object(Closure))
#35 [internal function]: think\app\MultiApp->handle(Object(app\Request), Object(Closure))
#36 D:\jjjfood-master\jjjfood-master\jjj_food_chain\vendor\topthink\framework\src\think\Middleware.php(134): call_user_func(Array, Object(app\Request), Object(Closure))
#37 D:\jjjfood-master\jjjfood-master\jjj_food_chain\vendor\topthink\framework\src\think\Pipeline.php(85): think\Middleware->think\{closure}(Object(app\Request), Object(Closure))
#38 D:\jjjfood-master\jjjfood-master\jjj_food_chain\vendor\topthink\framework\src\think\middleware\SessionInit.php(58): think\Pipeline->think\{closure}(Object(app\Request))
#39 [internal function]: think\middleware\SessionInit->handle(Object(app\Request), Object(Closure))
#40 D:\jjjfood-master\jjjfood-master\jjj_food_chain\vendor\topthink\framework\src\think\Middleware.php(134): call_user_func(Array, Object(app\Request), Object(Closure))
#41 D:\jjjfood-master\jjjfood-master\jjj_food_chain\vendor\topthink\framework\src\think\Pipeline.php(85): think\Middleware->think\{closure}(Object(app\Request), Object(Closure))
#42 D:\jjjfood-master\jjjfood-master\jjj_food_chain\vendor\topthink\think-trace\src\TraceDebug.php(71): think\Pipeline->think\{closure}(Object(app\Request))
#43 [internal function]: think\trace\TraceDebug->handle(Object(app\Request), Object(Closure))
#44 D:\jjjfood-master\jjjfood-master\jjj_food_chain\vendor\topthink\framework\src\think\Middleware.php(134): call_user_func(Array, Object(app\Request), Object(Closure))
#45 D:\jjjfood-master\jjjfood-master\jjj_food_chain\vendor\topthink\framework\src\think\Pipeline.php(85): think\Middleware->think\{closure}(Object(app\Request), Object(Closure))
#46 D:\jjjfood-master\jjjfood-master\jjj_food_chain\vendor\topthink\framework\src\think\Pipeline.php(66): think\Pipeline->think\{closure}(Object(app\Request))
#47 D:\jjjfood-master\jjjfood-master\jjj_food_chain\vendor\topthink\framework\src\think\Http.php(197): think\Pipeline->then(Object(Closure))
#48 D:\jjjfood-master\jjjfood-master\jjj_food_chain\vendor\topthink\framework\src\think\Http.php(162): think\Http->runWithRequest(Object(app\Request))
#49 D:\jjjfood-master\jjjfood-master\jjj_food_chain\public\index.php(20): think\Http->run()
#50 {main}
[2023-12-01T00:43:33+08:00][error] [10501]could not find driver
[2023-12-01T00:43:33+08:00][error] could not find driver
[2023-12-01T00:43:33+08:00][error] #0 D:\jjjfood-master\jjjfood-master\jjj_food_chain\vendor\topthink\think-orm\src\db\connector\Mysql.php(68): think\db\PDOConnection->getPDOStatement('SHOW FULL COLUM...')
#1 D:\jjjfood-master\jjjfood-master\jjj_food_chain\vendor\topthink\think-orm\src\db\PDOConnection.php(438): think\db\connector\Mysql->getFields('`jjjfood_app`')
#2 D:\jjjfood-master\jjjfood-master\jjj_food_chain\vendor\topthink\think-orm\src\db\PDOConnection.php(376): think\db\PDOConnection->getTableFieldsInfo('jjjfood_app')
#3 D:\jjjfood-master\jjjfood-master\jjj_food_chain\vendor\topthink\think-orm\src\db\PDOConnection.php(424): think\db\PDOConnection->getSchemaInfo('jjjfood_app')
#4 D:\jjjfood-master\jjjfood-master\jjj_food_chain\vendor\topthink\think-orm\src\db\PDOConnection.php(513): think\db\PDOConnection->getTableInfo('jjjfood_app', 'type')
#5 D:\jjjfood-master\jjjfood-master\jjj_food_chain\vendor\topthink\think-orm\src\db\concern\TableFieldInfo.php(60): think\db\PDOConnection->getFieldsType('jjjfood_app')
#6 D:\jjjfood-master\jjjfood-master\jjj_food_chain\vendor\topthink\think-orm\src\db\concern\TableFieldInfo.php(72): think\db\Query->getFieldsType()
#7 [internal function]: think\db\Query->getFieldType('create_time')
#8 D:\jjjfood-master\jjjfood-master\jjj_food_chain\vendor\topthink\think-orm\src\Model.php(1077): call_user_func_array(Array, Array)
#9 D:\jjjfood-master\jjjfood-master\jjj_food_chain\vendor\topthink\think-orm\src\model\concern\TimeStamp.php(82): think\Model->__call('getFieldType', Array)
#10 D:\jjjfood-master\jjjfood-master\jjj_food_chain\vendor\topthink\think-orm\src\model\concern\TimeStamp.php(62): think\Model->checkTimeFieldType(true)
#11 D:\jjjfood-master\jjjfood-master\jjj_food_chain\vendor\topthink\framework\src\think\service\ModelService.php(35): think\Model->isAutoWriteTimestamp(true)
#12 [internal function]: think\service\ModelService->think\service\{closure}(Object(app\api\model\App))
#13 D:\jjjfood-master\jjjfood-master\jjj_food_chain\vendor\topthink\think-orm\src\Model.php(252): call_user_func(Object(Closure), Object(app\api\model\App))
#14 D:\jjjfood-master\jjjfood-master\jjj_food_chain\app\common\model\app\App.php(45): think\Model->__construct()
#15 D:\jjjfood-master\jjjfood-master\jjj_food_chain\app\api\controller\Controller.php(49): app\common\model\app\App::detail('10001')
#16 D:\jjjfood-master\jjjfood-master\jjj_food_chain\app\api\controller\Controller.php(30): app\api\controller\Controller->checkWxapp()
#17 D:\jjjfood-master\jjjfood-master\jjj_food_chain\app\BaseController.php(43): app\api\controller\Controller->initialize()
#18 [internal function]: app\BaseController->__construct(Object(think\App))
#19 D:\jjjfood-master\jjjfood-master\jjj_food_chain\vendor\topthink\framework\src\think\Container.php(396): ReflectionClass->newInstanceArgs(Array)
#20 D:\jjjfood-master\jjjfood-master\jjj_food_chain\vendor\topthink\framework\src\think\Container.php(253): think\Container->invokeClass('app\\api\\control...', Array)
#21 D:\jjjfood-master\jjjfood-master\jjj_food_chain\vendor\topthink\framework\src\think\route\dispatch\Controller.php(187): think\Container->make('app\\api\\control...', Array, true)
#22 D:\jjjfood-master\jjjfood-master\jjj_food_chain\vendor\topthink\framework\src\think\route\dispatch\Controller.php(74): think\route\dispatch\Controller->controller('Index')
#23 D:\jjjfood-master\jjjfood-master\jjj_food_chain\vendor\topthink\framework\src\think\route\Dispatch.php(52): think\route\dispatch\Controller->exec()
#24 D:\jjjfood-master\jjjfood-master\jjj_food_chain\vendor\topthink\framework\src\think\Route.php(755): think\route\Dispatch->run()
#25 D:\jjjfood-master\jjjfood-master\jjj_food_chain\vendor\topthink\framework\src\think\Pipeline.php(59): think\Route->think\{closure}(Object(app\Request))
#26 D:\jjjfood-master\jjjfood-master\jjj_food_chain\vendor\topthink\framework\src\think\Pipeline.php(66): think\Pipeline->think\{closure}(Object(app\Request))
#27 D:\jjjfood-master\jjjfood-master\jjj_food_chain\vendor\topthink\framework\src\think\Route.php(754): think\Pipeline->then(Object(Closure))
#28 D:\jjjfood-master\jjjfood-master\jjj_food_chain\vendor\topthink\framework\src\think\Http.php(208): think\Route->dispatch(Object(app\Request), Object(Closure))
#29 D:\jjjfood-master\jjjfood-master\jjj_food_chain\vendor\topthink\framework\src\think\Http.php(198): think\Http->dispatchToRoute(Object(app\Request))
#30 D:\jjjfood-master\jjjfood-master\jjj_food_chain\vendor\topthink\framework\src\think\Pipeline.php(59): think\Http->think\{closure}(Object(app\Request))
#31 D:\jjjfood-master\jjjfood-master\jjj_food_chain\vendor\topthink\think-multi-app\src\MultiApp.php(51): think\Pipeline->think\{closure}(Object(app\Request))
#32 D:\jjjfood-master\jjjfood-master\jjj_food_chain\vendor\topthink\framework\src\think\Pipeline.php(59): think\app\MultiApp->think\app\{closure}(Object(app\Request))
#33 D:\jjjfood-master\jjjfood-master\jjj_food_chain\vendor\topthink\framework\src\think\Pipeline.php(66): think\Pipeline->think\{closure}(Object(app\Request))
#34 D:\jjjfood-master\jjjfood-master\jjj_food_chain\vendor\topthink\think-multi-app\src\MultiApp.php(50): think\Pipeline->then(Object(Closure))
#35 [internal function]: think\app\MultiApp->handle(Object(app\Request), Object(Closure))
#36 D:\jjjfood-master\jjjfood-master\jjj_food_chain\vendor\topthink\framework\src\think\Middleware.php(134): call_user_func(Array, Object(app\Request), Object(Closure))
#37 D:\jjjfood-master\jjjfood-master\jjj_food_chain\vendor\topthink\framework\src\think\Pipeline.php(85): think\Middleware->think\{closure}(Object(app\Request), Object(Closure))
#38 D:\jjjfood-master\jjjfood-master\jjj_food_chain\vendor\topthink\framework\src\think\middleware\SessionInit.php(58): think\Pipeline->think\{closure}(Object(app\Request))
#39 [internal function]: think\middleware\SessionInit->handle(Object(app\Request), Object(Closure))
#40 D:\jjjfood-master\jjjfood-master\jjj_food_chain\vendor\topthink\framework\src\think\Middleware.php(134): call_user_func(Array, Object(app\Request), Object(Closure))
#41 D:\jjjfood-master\jjjfood-master\jjj_food_chain\vendor\topthink\framework\src\think\Pipeline.php(85): think\Middleware->think\{closure}(Object(app\Request), Object(Closure))
#42 D:\jjjfood-master\jjjfood-master\jjj_food_chain\vendor\topthink\think-trace\src\TraceDebug.php(71): think\Pipeline->think\{closure}(Object(app\Request))
#43 [internal function]: think\trace\TraceDebug->handle(Object(app\Request), Object(Closure))
#44 D:\jjjfood-master\jjjfood-master\jjj_food_chain\vendor\topthink\framework\src\think\Middleware.php(134): call_user_func(Array, Object(app\Request), Object(Closure))
#45 D:\jjjfood-master\jjjfood-master\jjj_food_chain\vendor\topthink\framework\src\think\Pipeline.php(85): think\Middleware->think\{closure}(Object(app\Request), Object(Closure))
#46 D:\jjjfood-master\jjjfood-master\jjj_food_chain\vendor\topthink\framework\src\think\Pipeline.php(66): think\Pipeline->think\{closure}(Object(app\Request))
#47 D:\jjjfood-master\jjjfood-master\jjj_food_chain\vendor\topthink\framework\src\think\Http.php(197): think\Pipeline->then(Object(Closure))
#48 D:\jjjfood-master\jjjfood-master\jjj_food_chain\vendor\topthink\framework\src\think\Http.php(162): think\Http->runWithRequest(Object(app\Request))
#49 D:\jjjfood-master\jjjfood-master\jjj_food_chain\public\index.php(20): think\Http->run()
#50 {main}
[2023-12-01T00:44:26+08:00][error] [10501]could not find driver
[2023-12-01T00:44:26+08:00][error] could not find driver
[2023-12-01T00:44:26+08:00][error] #0 D:\jjjfood-master\jjjfood-master\jjj_food_chain\vendor\topthink\think-orm\src\db\connector\Mysql.php(68): think\db\PDOConnection->getPDOStatement('SHOW FULL COLUM...')
#1 D:\jjjfood-master\jjjfood-master\jjj_food_chain\vendor\topthink\think-orm\src\db\PDOConnection.php(438): think\db\connector\Mysql->getFields('`jjjfood_app`')
#2 D:\jjjfood-master\jjjfood-master\jjj_food_chain\vendor\topthink\think-orm\src\db\PDOConnection.php(376): think\db\PDOConnection->getTableFieldsInfo('jjjfood_app')
#3 D:\jjjfood-master\jjjfood-master\jjj_food_chain\vendor\topthink\think-orm\src\db\PDOConnection.php(424): think\db\PDOConnection->getSchemaInfo('jjjfood_app')
#4 D:\jjjfood-master\jjjfood-master\jjj_food_chain\vendor\topthink\think-orm\src\db\PDOConnection.php(513): think\db\PDOConnection->getTableInfo('jjjfood_app', 'type')
#5 D:\jjjfood-master\jjjfood-master\jjj_food_chain\vendor\topthink\think-orm\src\db\concern\TableFieldInfo.php(60): think\db\PDOConnection->getFieldsType('jjjfood_app')
#6 D:\jjjfood-master\jjjfood-master\jjj_food_chain\vendor\topthink\think-orm\src\db\concern\TableFieldInfo.php(72): think\db\Query->getFieldsType()
#7 [internal function]: think\db\Query->getFieldType('create_time')
#8 D:\jjjfood-master\jjjfood-master\jjj_food_chain\vendor\topthink\think-orm\src\Model.php(1077): call_user_func_array(Array, Array)
#9 D:\jjjfood-master\jjjfood-master\jjj_food_chain\vendor\topthink\think-orm\src\model\concern\TimeStamp.php(82): think\Model->__call('getFieldType', Array)
#10 D:\jjjfood-master\jjjfood-master\jjj_food_chain\vendor\topthink\think-orm\src\model\concern\TimeStamp.php(62): think\Model->checkTimeFieldType(true)
#11 D:\jjjfood-master\jjjfood-master\jjj_food_chain\vendor\topthink\framework\src\think\service\ModelService.php(35): think\Model->isAutoWriteTimestamp(true)
#12 [internal function]: think\service\ModelService->think\service\{closure}(Object(app\api\model\App))
#13 D:\jjjfood-master\jjjfood-master\jjj_food_chain\vendor\topthink\think-orm\src\Model.php(252): call_user_func(Object(Closure), Object(app\api\model\App))
#14 D:\jjjfood-master\jjjfood-master\jjj_food_chain\app\common\model\app\App.php(45): think\Model->__construct()
#15 D:\jjjfood-master\jjjfood-master\jjj_food_chain\app\api\controller\Controller.php(49): app\common\model\app\App::detail('10001')
#16 D:\jjjfood-master\jjjfood-master\jjj_food_chain\app\api\controller\Controller.php(30): app\api\controller\Controller->checkWxapp()
#17 D:\jjjfood-master\jjjfood-master\jjj_food_chain\app\BaseController.php(43): app\api\controller\Controller->initialize()
#18 [internal function]: app\BaseController->__construct(Object(think\App))
#19 D:\jjjfood-master\jjjfood-master\jjj_food_chain\vendor\topthink\framework\src\think\Container.php(396): ReflectionClass->newInstanceArgs(Array)
#20 D:\jjjfood-master\jjjfood-master\jjj_food_chain\vendor\topthink\framework\src\think\Container.php(253): think\Container->invokeClass('app\\api\\control...', Array)
#21 D:\jjjfood-master\jjjfood-master\jjj_food_chain\vendor\topthink\framework\src\think\route\dispatch\Controller.php(187): think\Container->make('app\\api\\control...', Array, true)
#22 D:\jjjfood-master\jjjfood-master\jjj_food_chain\vendor\topthink\framework\src\think\route\dispatch\Controller.php(74): think\route\dispatch\Controller->controller('Index')
#23 D:\jjjfood-master\jjjfood-master\jjj_food_chain\vendor\topthink\framework\src\think\route\Dispatch.php(52): think\route\dispatch\Controller->exec()
#24 D:\jjjfood-master\jjjfood-master\jjj_food_chain\vendor\topthink\framework\src\think\Route.php(755): think\route\Dispatch->run()
#25 D:\jjjfood-master\jjjfood-master\jjj_food_chain\vendor\topthink\framework\src\think\Pipeline.php(59): think\Route->think\{closure}(Object(app\Request))
#26 D:\jjjfood-master\jjjfood-master\jjj_food_chain\vendor\topthink\framework\src\think\Pipeline.php(66): think\Pipeline->think\{closure}(Object(app\Request))
#27 D:\jjjfood-master\jjjfood-master\jjj_food_chain\vendor\topthink\framework\src\think\Route.php(754): think\Pipeline->then(Object(Closure))
#28 D:\jjjfood-master\jjjfood-master\jjj_food_chain\vendor\topthink\framework\src\think\Http.php(208): think\Route->dispatch(Object(app\Request), Object(Closure))
#29 D:\jjjfood-master\jjjfood-master\jjj_food_chain\vendor\topthink\framework\src\think\Http.php(198): think\Http->dispatchToRoute(Object(app\Request))
#30 D:\jjjfood-master\jjjfood-master\jjj_food_chain\vendor\topthink\framework\src\think\Pipeline.php(59): think\Http->think\{closure}(Object(app\Request))
#31 D:\jjjfood-master\jjjfood-master\jjj_food_chain\vendor\topthink\think-multi-app\src\MultiApp.php(51): think\Pipeline->think\{closure}(Object(app\Request))
#32 D:\jjjfood-master\jjjfood-master\jjj_food_chain\vendor\topthink\framework\src\think\Pipeline.php(59): think\app\MultiApp->think\app\{closure}(Object(app\Request))
#33 D:\jjjfood-master\jjjfood-master\jjj_food_chain\vendor\topthink\framework\src\think\Pipeline.php(66): think\Pipeline->think\{closure}(Object(app\Request))
#34 D:\jjjfood-master\jjjfood-master\jjj_food_chain\vendor\topthink\think-multi-app\src\MultiApp.php(50): think\Pipeline->then(Object(Closure))
#35 [internal function]: think\app\MultiApp->handle(Object(app\Request), Object(Closure))
#36 D:\jjjfood-master\jjjfood-master\jjj_food_chain\vendor\topthink\framework\src\think\Middleware.php(134): call_user_func(Array, Object(app\Request), Object(Closure))
#37 D:\jjjfood-master\jjjfood-master\jjj_food_chain\vendor\topthink\framework\src\think\Pipeline.php(85): think\Middleware->think\{closure}(Object(app\Request), Object(Closure))
#38 D:\jjjfood-master\jjjfood-master\jjj_food_chain\vendor\topthink\framework\src\think\middleware\SessionInit.php(58): think\Pipeline->think\{closure}(Object(app\Request))
#39 [internal function]: think\middleware\SessionInit->handle(Object(app\Request), Object(Closure))
#40 D:\jjjfood-master\jjjfood-master\jjj_food_chain\vendor\topthink\framework\src\think\Middleware.php(134): call_user_func(Array, Object(app\Request), Object(Closure))
#41 D:\jjjfood-master\jjjfood-master\jjj_food_chain\vendor\topthink\framework\src\think\Pipeline.php(85): think\Middleware->think\{closure}(Object(app\Request), Object(Closure))
#42 D:\jjjfood-master\jjjfood-master\jjj_food_chain\vendor\topthink\think-trace\src\TraceDebug.php(71): think\Pipeline->think\{closure}(Object(app\Request))
#43 [internal function]: think\trace\TraceDebug->handle(Object(app\Request), Object(Closure))
#44 D:\jjjfood-master\jjjfood-master\jjj_food_chain\vendor\topthink\framework\src\think\Middleware.php(134): call_user_func(Array, Object(app\Request), Object(Closure))
#45 D:\jjjfood-master\jjjfood-master\jjj_food_chain\vendor\topthink\framework\src\think\Pipeline.php(85): think\Middleware->think\{closure}(Object(app\Request), Object(Closure))
#46 D:\jjjfood-master\jjjfood-master\jjj_food_chain\vendor\topthink\framework\src\think\Pipeline.php(66): think\Pipeline->think\{closure}(Object(app\Request))
#47 D:\jjjfood-master\jjjfood-master\jjj_food_chain\vendor\topthink\framework\src\think\Http.php(197): think\Pipeline->then(Object(Closure))
#48 D:\jjjfood-master\jjjfood-master\jjj_food_chain\vendor\topthink\framework\src\think\Http.php(162): think\Http->runWithRequest(Object(app\Request))
#49 D:\jjjfood-master\jjjfood-master\jjj_food_chain\public\index.php(20): think\Http->run()
#50 {main}
[2023-12-01T00:44:26+08:00][error] [10501]could not find driver
[2023-12-01T00:44:26+08:00][error] could not find driver
[2023-12-01T00:44:26+08:00][error] #0 D:\jjjfood-master\jjjfood-master\jjj_food_chain\vendor\topthink\think-orm\src\db\connector\Mysql.php(68): think\db\PDOConnection->getPDOStatement('SHOW FULL COLUM...')
#1 D:\jjjfood-master\jjjfood-master\jjj_food_chain\vendor\topthink\think-orm\src\db\PDOConnection.php(438): think\db\connector\Mysql->getFields('`jjjfood_app`')
#2 D:\jjjfood-master\jjjfood-master\jjj_food_chain\vendor\topthink\think-orm\src\db\PDOConnection.php(376): think\db\PDOConnection->getTableFieldsInfo('jjjfood_app')
#3 D:\jjjfood-master\jjjfood-master\jjj_food_chain\vendor\topthink\think-orm\src\db\PDOConnection.php(424): think\db\PDOConnection->getSchemaInfo('jjjfood_app')
#4 D:\jjjfood-master\jjjfood-master\jjj_food_chain\vendor\topthink\think-orm\src\db\PDOConnection.php(513): think\db\PDOConnection->getTableInfo('jjjfood_app', 'type')
#5 D:\jjjfood-master\jjjfood-master\jjj_food_chain\vendor\topthink\think-orm\src\db\concern\TableFieldInfo.php(60): think\db\PDOConnection->getFieldsType('jjjfood_app')
#6 D:\jjjfood-master\jjjfood-master\jjj_food_chain\vendor\topthink\think-orm\src\db\concern\TableFieldInfo.php(72): think\db\Query->getFieldsType()
#7 [internal function]: think\db\Query->getFieldType('create_time')
#8 D:\jjjfood-master\jjjfood-master\jjj_food_chain\vendor\topthink\think-orm\src\Model.php(1077): call_user_func_array(Array, Array)
#9 D:\jjjfood-master\jjjfood-master\jjj_food_chain\vendor\topthink\think-orm\src\model\concern\TimeStamp.php(82): think\Model->__call('getFieldType', Array)
#10 D:\jjjfood-master\jjjfood-master\jjj_food_chain\vendor\topthink\think-orm\src\model\concern\TimeStamp.php(62): think\Model->checkTimeFieldType(true)
#11 D:\jjjfood-master\jjjfood-master\jjj_food_chain\vendor\topthink\framework\src\think\service\ModelService.php(35): think\Model->isAutoWriteTimestamp(true)
#12 [internal function]: think\service\ModelService->think\service\{closure}(Object(app\api\model\App))
#13 D:\jjjfood-master\jjjfood-master\jjj_food_chain\vendor\topthink\think-orm\src\Model.php(252): call_user_func(Object(Closure), Object(app\api\model\App))
#14 D:\jjjfood-master\jjjfood-master\jjj_food_chain\app\common\model\app\App.php(45): think\Model->__construct()
#15 D:\jjjfood-master\jjjfood-master\jjj_food_chain\app\api\controller\Controller.php(49): app\common\model\app\App::detail('10001')
#16 D:\jjjfood-master\jjjfood-master\jjj_food_chain\app\api\controller\Controller.php(30): app\api\controller\Controller->checkWxapp()
#17 D:\jjjfood-master\jjjfood-master\jjj_food_chain\app\BaseController.php(43): app\api\controller\Controller->initialize()
#18 [internal function]: app\BaseController->__construct(Object(think\App))
#19 D:\jjjfood-master\jjjfood-master\jjj_food_chain\vendor\topthink\framework\src\think\Container.php(396): ReflectionClass->newInstanceArgs(Array)
#20 D:\jjjfood-master\jjjfood-master\jjj_food_chain\vendor\topthink\framework\src\think\Container.php(253): think\Container->invokeClass('app\\api\\control...', Array)
#21 D:\jjjfood-master\jjjfood-master\jjj_food_chain\vendor\topthink\framework\src\think\route\dispatch\Controller.php(187): think\Container->make('app\\api\\control...', Array, true)
#22 D:\jjjfood-master\jjjfood-master\jjj_food_chain\vendor\topthink\framework\src\think\route\dispatch\Controller.php(74): think\route\dispatch\Controller->controller('Index')
#23 D:\jjjfood-master\jjjfood-master\jjj_food_chain\vendor\topthink\framework\src\think\route\Dispatch.php(52): think\route\dispatch\Controller->exec()
#24 D:\jjjfood-master\jjjfood-master\jjj_food_chain\vendor\topthink\framework\src\think\Route.php(755): think\route\Dispatch->run()
#25 D:\jjjfood-master\jjjfood-master\jjj_food_chain\vendor\topthink\framework\src\think\Pipeline.php(59): think\Route->think\{closure}(Object(app\Request))
#26 D:\jjjfood-master\jjjfood-master\jjj_food_chain\vendor\topthink\framework\src\think\Pipeline.php(66): think\Pipeline->think\{closure}(Object(app\Request))
#27 D:\jjjfood-master\jjjfood-master\jjj_food_chain\vendor\topthink\framework\src\think\Route.php(754): think\Pipeline->then(Object(Closure))
#28 D:\jjjfood-master\jjjfood-master\jjj_food_chain\vendor\topthink\framework\src\think\Http.php(208): think\Route->dispatch(Object(app\Request), Object(Closure))
#29 D:\jjjfood-master\jjjfood-master\jjj_food_chain\vendor\topthink\framework\src\think\Http.php(198): think\Http->dispatchToRoute(Object(app\Request))
#30 D:\jjjfood-master\jjjfood-master\jjj_food_chain\vendor\topthink\framework\src\think\Pipeline.php(59): think\Http->think\{closure}(Object(app\Request))
#31 D:\jjjfood-master\jjjfood-master\jjj_food_chain\vendor\topthink\think-multi-app\src\MultiApp.php(51): think\Pipeline->think\{closure}(Object(app\Request))
#32 D:\jjjfood-master\jjjfood-master\jjj_food_chain\vendor\topthink\framework\src\think\Pipeline.php(59): think\app\MultiApp->think\app\{closure}(Object(app\Request))
#33 D:\jjjfood-master\jjjfood-master\jjj_food_chain\vendor\topthink\framework\src\think\Pipeline.php(66): think\Pipeline->think\{closure}(Object(app\Request))
#34 D:\jjjfood-master\jjjfood-master\jjj_food_chain\vendor\topthink\think-multi-app\src\MultiApp.php(50): think\Pipeline->then(Object(Closure))
#35 [internal function]: think\app\MultiApp->handle(Object(app\Request), Object(Closure))
#36 D:\jjjfood-master\jjjfood-master\jjj_food_chain\vendor\topthink\framework\src\think\Middleware.php(134): call_user_func(Array, Object(app\Request), Object(Closure))
#37 D:\jjjfood-master\jjjfood-master\jjj_food_chain\vendor\topthink\framework\src\think\Pipeline.php(85): think\Middleware->think\{closure}(Object(app\Request), Object(Closure))
#38 D:\jjjfood-master\jjjfood-master\jjj_food_chain\vendor\topthink\framework\src\think\middleware\SessionInit.php(58): think\Pipeline->think\{closure}(Object(app\Request))
#39 [internal function]: think\middleware\SessionInit->handle(Object(app\Request), Object(Closure))
#40 D:\jjjfood-master\jjjfood-master\jjj_food_chain\vendor\topthink\framework\src\think\Middleware.php(134): call_user_func(Array, Object(app\Request), Object(Closure))
#41 D:\jjjfood-master\jjjfood-master\jjj_food_chain\vendor\topthink\framework\src\think\Pipeline.php(85): think\Middleware->think\{closure}(Object(app\Request), Object(Closure))
#42 D:\jjjfood-master\jjjfood-master\jjj_food_chain\vendor\topthink\think-trace\src\TraceDebug.php(71): think\Pipeline->think\{closure}(Object(app\Request))
#43 [internal function]: think\trace\TraceDebug->handle(Object(app\Request), Object(Closure))
#44 D:\jjjfood-master\jjjfood-master\jjj_food_chain\vendor\topthink\framework\src\think\Middleware.php(134): call_user_func(Array, Object(app\Request), Object(Closure))
#45 D:\jjjfood-master\jjjfood-master\jjj_food_chain\vendor\topthink\framework\src\think\Pipeline.php(85): think\Middleware->think\{closure}(Object(app\Request), Object(Closure))
#46 D:\jjjfood-master\jjjfood-master\jjj_food_chain\vendor\topthink\framework\src\think\Pipeline.php(66): think\Pipeline->think\{closure}(Object(app\Request))
#47 D:\jjjfood-master\jjjfood-master\jjj_food_chain\vendor\topthink\framework\src\think\Http.php(197): think\Pipeline->then(Object(Closure))
#48 D:\jjjfood-master\jjjfood-master\jjj_food_chain\vendor\topthink\framework\src\think\Http.php(162): think\Http->runWithRequest(Object(app\Request))
#49 D:\jjjfood-master\jjjfood-master\jjj_food_chain\public\index.php(20): think\Http->run()
#50 {main}
